<?xml version="1.0" encoding="UTF-8"?>
<testng-results ignored="0" total="1" passed="1" failed="0" skipped="0">
  <reporter-output>
  </reporter-output>
  <suite started-at="2023-11-03T23:53:15Z" name="Default suite" finished-at="2023-11-03T23:53:20Z" duration-ms="5017">
    <groups>
    </groups>
    <test started-at="2023-11-03T23:53:15Z" name="Default test" finished-at="2023-11-03T23:53:20Z" duration-ms="5017">
      <class name="test.demo.auth.Login">
        <test-method is-config="true" signature="initialization()[pri:0, instance:test.demo.auth.Login@6f7923a5]" started-at="2023-11-03T23:53:15Z" name="initialization" finished-at="2023-11-03T23:53:15Z" duration-ms="13" status="PASS">
          <reporter-output>
          </reporter-output>
        </test-method> <!-- initialization -->
        <test-method is-config="true" signature="initAppManager(org.testng.ITestContext)[pri:0, instance:test.demo.auth.Login@6f7923a5]" started-at="2023-11-03T23:53:15Z" name="initAppManager" finished-at="2023-11-03T23:53:20Z" duration-ms="4984" status="PASS">
          <params>
            <param index="0">
              <value>
                <![CDATA[org.testng.TestRunner@d4602a]]>
              </value>
            </param>
          </params>
          <reporter-output>
          </reporter-output>
        </test-method> <!-- initAppManager -->
        <test-method is-config="true" signature="prepareTest(java.lang.reflect.Method)[pri:0, instance:test.demo.auth.Login@6f7923a5]" started-at="2023-11-03T23:53:20Z" name="prepareTest" finished-at="2023-11-03T23:53:20Z" duration-ms="0" status="PASS">
          <params>
            <param index="0">
              <value>
                <![CDATA[public void test.demo.auth.Login.layoutAndContent()]]>
              </value>
            </param>
          </params>
          <reporter-output>
          </reporter-output>
        </test-method> <!-- prepareTest -->
        <test-method signature="layoutAndContent()[pri:0, instance:test.demo.auth.Login@6f7923a5]" started-at="2023-11-03T23:53:20Z" name="layoutAndContent" finished-at="2023-11-03T23:53:20Z" duration-ms="5" status="PASS">
          <reporter-output>
          </reporter-output>
        </test-method> <!-- layoutAndContent -->
        <test-method is-config="true" signature="getResult(org.testng.ITestResult)[pri:0, instance:test.demo.auth.Login@6f7923a5]" started-at="2023-11-03T23:53:20Z" name="getResult" finished-at="2023-11-03T23:53:20Z" duration-ms="6" status="FAIL">
          <params>
            <param index="0">
              <value>
                <![CDATA[[TestResult name=layoutAndContent status=SUCCESS method=Login.layoutAndContent()[pri:0, instance:test.demo.auth.Login@6f7923a5] output={null}]]]>
              </value>
            </param>
          </params>
          <exception class="java.lang.NullPointerException">
            <full-stacktrace>
              <![CDATA[java.lang.NullPointerException
at appw.common.core.TestBase.getResult(TestBase.java:109)
at java.base/jdk.internal.reflect.NativeMethodAccessorImpl.invoke0(Native Method)
at java.base/jdk.internal.reflect.NativeMethodAccessorImpl.invoke(NativeMethodAccessorImpl.java:62)
at java.base/jdk.internal.reflect.DelegatingMethodAccessorImpl.invoke(DelegatingMethodAccessorImpl.java:43)
at java.base/java.lang.reflect.Method.invoke(Method.java:566)
at org.testng.internal.MethodInvocationHelper.invokeMethod(MethodInvocationHelper.java:124)
at org.testng.internal.MethodInvocationHelper.invokeMethodConsideringTimeout(MethodInvocationHelper.java:59)
at org.testng.internal.Invoker.invokeConfigurationMethod(Invoker.java:455)
at org.testng.internal.Invoker.invokeConfigurations(Invoker.java:222)
at org.testng.internal.Invoker.invokeMethod(Invoker.java:643)
at org.testng.internal.Invoker.invokeTestMethod(Invoker.java:716)
at org.testng.internal.Invoker.invokeTestMethods(Invoker.java:988)
at org.testng.internal.TestMethodWorker.invokeTestMethods(TestMethodWorker.java:125)
at org.testng.internal.TestMethodWorker.run(TestMethodWorker.java:109)
at org.testng.TestRunner.privateRun(TestRunner.java:648)
at org.testng.TestRunner.run(TestRunner.java:505)
at org.testng.SuiteRunner.runTest(SuiteRunner.java:455)
at org.testng.SuiteRunner.runSequentially(SuiteRunner.java:450)
at org.testng.SuiteRunner.privateRun(SuiteRunner.java:415)
at org.testng.SuiteRunner.run(SuiteRunner.java:364)
at org.testng.SuiteRunnerWorker.runSuite(SuiteRunnerWorker.java:52)
at org.testng.SuiteRunnerWorker.run(SuiteRunnerWorker.java:84)
at org.testng.TestNG.runSuitesSequentially(TestNG.java:1208)
at org.testng.TestNG.runSuitesLocally(TestNG.java:1137)
at org.testng.TestNG.runSuites(TestNG.java:1049)
at org.testng.TestNG.run(TestNG.java:1017)
at org.testng.remote.AbstractRemoteTestNG.run(AbstractRemoteTestNG.java:115)
at org.testng.remote.RemoteTestNG.initAndRun(RemoteTestNG.java:251)
at org.testng.remote.RemoteTestNG.main(RemoteTestNG.java:77)
]]>
            </full-stacktrace>
          </exception> <!-- java.lang.NullPointerException -->
          <reporter-output>
          </reporter-output>
        </test-method> <!-- getResult -->
        <test-method is-config="true" signature="stopAppManager()[pri:0, instance:test.demo.auth.Login@6f7923a5]" started-at="2023-11-03T23:53:20Z" name="stopAppManager" finished-at="2023-11-03T23:53:20Z" duration-ms="0" status="SKIP">
          <reporter-output>
          </reporter-output>
        </test-method> <!-- stopAppManager -->
        <test-method is-config="true" signature="endReport()[pri:0, instance:test.demo.auth.Login@6f7923a5]" started-at="2023-11-03T23:53:20Z" name="endReport" finished-at="2023-11-03T23:53:20Z" duration-ms="0" status="SKIP">
          <reporter-output>
          </reporter-output>
        </test-method> <!-- endReport -->
      </class> <!-- test.demo.auth.Login -->
    </test> <!-- Default test -->
  </suite> <!-- Default suite -->
</testng-results>
